  BHR7_diff_inv.c
  CoM_Stabilizer.c
  DCC_filters.c
  DCC_motion.c
  DCC_RunCon.c
  DemoControl.c
  QP_balance.c
  Resistant_Compliance.c
  Tra_Generate.c
  Uneven_Trailblazer.c
  正在生成代码...
  ChzCpp2C.cpp
D:\BIT_zyx_BYQ\program_important\Crep_BHR7_RunNew\RunTeamLib\ChzControlLib\Chz_Base.h(2,1): warning C4005: “_CRT_SECURE_NO_WARNINGS”: 宏重定义
O:\Github\ZyX_DDPG_based_on_DCC_BHR6sim\BHR7P1_Run_Team_V3.0\lib\ChzCpp2C.cpp : message : 参见“_CRT_SECURE_NO_WARNINGS”的前一个定义
  DCC_Run_ReadConfig.cpp
  leeCpp2C.cpp
  leeLegLengthControl.cpp
  正在生成代码...
  dcc_con_base.c
  dcc_FuzzyCon.c
O:\Github\ZyX_DDPG_based_on_DCC_BHR6sim\BHR7P1_Run_Team_V3.0\lib\Dcc_lib\Base\dcc_FuzzyCon.c(51,41): warning C4101: “dMemTempOut”: 未引用的局部变量
O:\Github\ZyX_DDPG_based_on_DCC_BHR6sim\BHR7P1_Run_Team_V3.0\lib\Dcc_lib\Base\dcc_FuzzyCon.c(51,25): warning C4101: “dMemTempIn2”: 未引用的局部变量
O:\Github\ZyX_DDPG_based_on_DCC_BHR6sim\BHR7P1_Run_Team_V3.0\lib\Dcc_lib\Base\dcc_FuzzyCon.c(51,9): warning C4101: “dMemTempIn1”: 未引用的局部变量
O:\Github\ZyX_DDPG_based_on_DCC_BHR6sim\BHR7P1_Run_Team_V3.0\lib\Dcc_lib\Base\dcc_FuzzyCon.c(143,9): warning C4101: “dOut”: 未引用的局部变量
  dcc_get_key.c
O:\Github\ZyX_DDPG_based_on_DCC_BHR6sim\BHR7P1_Run_Team_V3.0\lib\Dcc_lib\Base\dcc_get_key.c(38,30): warning C4013: “printf”未定义；假设外部返回 int
  dcc_Mat.c
  正在生成代码...
  DCC_ConFrame.c
  DCC_RunningCon.c
  正在生成代码...
  DCC_Protection.c
O:\Github\ZyX_DDPG_based_on_DCC_BHR6sim\BHR7P1_Run_Team_V3.0\lib\Dcc_lib\DCC_Protection.c(43,30): warning C4101: “dFootHoriPosL”: 未引用的局部变量
O:\Github\ZyX_DDPG_based_on_DCC_BHR6sim\BHR7P1_Run_Team_V3.0\lib\Dcc_lib\DCC_Protection.c(80,9): warning C4013: “printf”未定义；假设外部返回 int
  DCC_FreeWalk.c
O:\Github\ZyX_DDPG_based_on_DCC_BHR6sim\BHR7P1_Run_Team_V3.0\lib\Dcc_lib\Base\dcc_get_key.h(56,2): warning C4091: “extern ”: 没有声明变量时忽略“SustainInputKeyName”的左侧
O:\Github\ZyX_DDPG_based_on_DCC_BHR6sim\BHR7P1_Run_Team_V3.0\lib\Dcc_lib\Base\dcc_get_key.h(59,2): warning C4091: “extern ”: 没有声明变量时忽略“DiceretInputKeyName”的左侧
O:\Github\ZyX_DDPG_based_on_DCC_BHR6sim\BHR7P1_Run_Team_V3.0\lib\Dcc_lib\PG\DCC_FreeWalk.c(127,27): warning C4553: “==”: 未使用表达式结果；是否打算使用“=”?
O:\Github\ZyX_DDPG_based_on_DCC_BHR6sim\BHR7P1_Run_Team_V3.0\lib\Dcc_lib\PG\DCC_FreeWalk.c(238,6): warning C4101: “nMidStepFlagTemp”: 未引用的局部变量
  DCC_PGFrame.c
O:\Github\ZyX_DDPG_based_on_DCC_BHR6sim\BHR7P1_Run_Team_V3.0\lib\Dcc_lib\PG\DCC_PGFrame.c(404,21): warning C4553: “==”: 未使用表达式结果；是否打算使用“=”?
  正在生成代码...
O:\Github\ZyX_DDPG_based_on_DCC_BHR6sim\BHR7P1_Run_Team_V3.0\lib\Dcc_lib\PG\DCC_PGFrame.c(217): warning C4715: “fndGetAnkLateral”: 不是所有的控件路径都返回值
O:\Github\ZyX_DDPG_based_on_DCC_BHR6sim\BHR7P1_Run_Team_V3.0\lib\Dcc_lib\PG\DCC_FreeWalk.c(220): warning C4715: “fncOpsiteFoot”: 不是所有的控件路径都返回值
  PGMPC.c
  DCMWalkingUpdate.c
  leeMatrix.c
O:\Github\ZyX_DDPG_based_on_DCC_BHR6sim\BHR7P1_Run_Team_V3.0\lib\lee_control_lib\leeMatrix.c(329,10): warning C4013: “fabs”未定义；假设外部返回 int
O:\Github\ZyX_DDPG_based_on_DCC_BHR6sim\BHR7P1_Run_Team_V3.0\lib\lee_control_lib\leeMatrix.c(379,24): warning C4013: “pow”未定义；假设外部返回 int
  leeOnLineDCMWalking.c
  leeRobotPlan.c
  leeRobotTool.c
  leeSRMotion.c
  正在生成代码...
  remote_api.cpp
O:\Github\ZyX_DDPG_based_on_DCC_BHR6sim\BHR7P1_Run_Team_V3.0\lib\Dcc_lib\Base\dcc_get_key.h(56,2): warning C4091: “extern ”: 没有声明变量时忽略“SustainInputKeyName”的左侧
O:\Github\ZyX_DDPG_based_on_DCC_BHR6sim\BHR7P1_Run_Team_V3.0\lib\Dcc_lib\Base\dcc_get_key.h(59,2): warning C4091: “extern ”: 没有声明变量时忽略“DiceretInputKeyName”的左侧
  Crep_DataExchange.c
O:\Github\ZyX_DDPG_based_on_DCC_BHR6sim\Crep_DataExchange.c(65,22): warning C4013: “NRT_ReadDCCRunParms”未定义；假设外部返回 int
  Crep_forBHR6.vcxproj -> O:\Github\ZyX_DDPG_based_on_DCC_BHR6sim\x64\Debug\Crep_forBHR6.exe
