  Chz_Base.cpp
  正在生成代码...
  正在编译...
  Chz_WaistComp.cpp
  Chz_SwingFootControl.cpp
  Chz_Spline.cpp
  Chz_RobotParam.cpp
  Chz_PerspectiveMapping.cpp
  Chz_LowLevelFootStep.cpp
  Chz_LandingForce.cpp
  Chz_Kinematics.cpp
  Chz_Include.cpp
  Chz_Footstep.cpp
  Chz_FootDown.cpp
  Chz_Filter.cpp
  Chz_Eigen.cpp
  Chz_Calculator.cpp
  正在生成代码...
  ChzControlLib.vcxproj -> C:\RTX\RunTeamLib\ChzControlLib\ChzControlLib\x64\Debug\ChzControlLib.exe
  ChzControlLib.vcxproj -> C:\RTX\RunTeamLib\ChzControlLib\ChzControlLib\x64\Debug\ChzControlLib.pdb (Full PDB)
