  Chz_Include.cpp
c:\rtx\runteamlib\chzcontrollib\chz_footstep.h(34): error C2719: “CoM_xnew”: 要求 16 对齐的形参将不被对齐
c:\rtx\runteamlib\chzcontrollib\chz_footstep.h(45): error C2719: “comini”: 要求 16 对齐的形参将不被对齐
c:\rtx\runteamlib\chzcontrollib\chz_footstep.h(49): error C2719: “CoM_xnew”: 要求 16 对齐的形参将不被对齐
c:\rtx\runteamlib\chzcontrollib\chz_perspectivemapping.h(13): error C2719: “p”: 要求 16 对齐的形参将不被对齐
  Chz_Footstep.cpp
c:\rtx\runteamlib\chzcontrollib\chz_footstep.h(34): error C2719: “CoM_xnew”: 要求 16 对齐的形参将不被对齐
c:\rtx\runteamlib\chzcontrollib\chz_footstep.h(45): error C2719: “comini”: 要求 16 对齐的形参将不被对齐
c:\rtx\runteamlib\chzcontrollib\chz_footstep.h(49): error C2719: “CoM_xnew”: 要求 16 对齐的形参将不被对齐
c:\rtx\runteamlib\chzcontrollib\chz_footstep.cpp(34): error C2719: “comini”: 要求 16 对齐的形参将不被对齐
c:\rtx\runteamlib\chzcontrollib\chz_footstep.cpp(46): warning C4800: “int”: 将值强制为布尔值“true”或“false”(性能警告)
c:\rtx\runteamlib\chzcontrollib\chz_footstep.cpp(57): error C2719: “CoM_xnew”: 要求 16 对齐的形参将不被对齐
c:\rtx\runteamlib\chzcontrollib\chz_footstep.cpp(73): warning C4800: “int”: 将值强制为布尔值“true”或“false”(性能警告)
c:\rtx\runteamlib\chzcontrollib\chz_footstep.cpp(77): error C2719: “CoM_new”: 要求 16 对齐的形参将不被对齐
  Chz_Calculator.cpp
c:\rtx\runteamlib\chzcontrollib\chz_footstep.h(34): error C2719: “CoM_xnew”: 要求 16 对齐的形参将不被对齐
c:\rtx\runteamlib\chzcontrollib\chz_footstep.h(45): error C2719: “comini”: 要求 16 对齐的形参将不被对齐
c:\rtx\runteamlib\chzcontrollib\chz_footstep.h(49): error C2719: “CoM_xnew”: 要求 16 对齐的形参将不被对齐
c:\rtx\runteamlib\chzcontrollib\chz_perspectivemapping.h(13): error C2719: “p”: 要求 16 对齐的形参将不被对齐
  Chz_Base.cpp
c:\rtx\runteamlib\chzcontrollib\chz_footstep.h(34): error C2719: “CoM_xnew”: 要求 16 对齐的形参将不被对齐
c:\rtx\runteamlib\chzcontrollib\chz_footstep.h(45): error C2719: “comini”: 要求 16 对齐的形参将不被对齐
c:\rtx\runteamlib\chzcontrollib\chz_footstep.h(49): error C2719: “CoM_xnew”: 要求 16 对齐的形参将不被对齐
c:\rtx\runteamlib\chzcontrollib\chz_perspectivemapping.h(13): error C2719: “p”: 要求 16 对齐的形参将不被对齐
c:\rtx\runteamlib\chzcontrollib\chz_base.cpp(64): warning C4800: “int”: 将值强制为布尔值“true”或“false”(性能警告)
  正在生成代码...
