d:\l.b\2021\walk_2021\crep_forbhr7_runnew_walkgood\x64\debug\vc141.pdb
d:\l.b\2021\walk_2021\crep_forbhr7_runnew_walkgood\x64\debug\vc141.idb
d:\bit_zyx_byq\program_important\crep_bhr7_runnew\x64\debug\vc142.pdb
d:\bit_zyx_byq\program_important\crep_bhr7_runnew\x64\debug\vc142.idb
d:\bit_zyx_byq\program_important\crep_bhr7_runnew\x64\debug\bhr7p1_run_team_v3.0\lib\leeleglengthcontrol.obj
d:\bit_zyx_byq\program_important\crep_bhr7_runnew\x64\debug\bhr7p1_run_team_v3.0\lib\dcc_run_readconfig.obj
d:\bit_zyx_byq\program_important\crep_bhr7_runnew\x64\debug\bhr7p1_run_team_v3.0\lib\chzcpp2c.obj
d:\bit_zyx_byq\program_important\crep_bhr7_runnew\x64\debug\bhr7p1_run_team_v3.0\lib\tra_generate.obj
d:\bit_zyx_byq\program_important\crep_bhr7_runnew\x64\debug\bhr7p1_run_team_v3.0\lib\dcc_runcon.obj
d:\【※】bit_zyx_byq\【※】program_important\crep_bhr7_runnew\x64\debug\vc142.pdb
d:\【※】bit_zyx_byq\【※】program_important\crep_bhr7_runnew\x64\debug\vc142.idb
d:\bit_zyx_byq\program_important\crep_bhr7_runnew\x64\debug\bhr7p1_run_team_v3.0\lib\uneven_trailblazer.obj
d:\bit_zyx_byq\program_important\crep_bhr7_runnew\x64\debug\bhr7p1_run_team_v3.0\lib\resistant_compliance.obj
d:\bit_zyx_byq\program_important\crep_bhr7_runnew\x64\debug\bhr7p1_run_team_v3.0\lib\qp_balance.obj
d:\bit_zyx_byq\program_important\crep_bhr7_runnew\x64\debug\bhr7p1_run_team_v3.0\lib\democontrol.obj
d:\bit_zyx_byq\program_important\crep_bhr7_runnew\x64\debug\bhr7p1_run_team_v3.0\lib\dcc_motion.obj
d:\bit_zyx_byq\program_important\crep_bhr7_runnew\x64\debug\bhr7p1_run_team_v3.0\lib\dcc_filters.obj
d:\bit_zyx_byq\program_important\crep_bhr7_runnew\x64\debug\bhr7p1_run_team_v3.0\lib\com_stabilizer.obj
d:\bit_zyx_byq\program_important\crep_bhr7_runnew\x64\debug\bhr7p1_run_team_v3.0\lib\bhr7_diff_inv.obj
d:\bit_zyx_byq\program_important\crep_bhr7_runnew\x64\debug\bhr7p1_run_team_v3.0\lib\leecpp2c.obj
d:\bit_zyx_byq\program_important\crep_bhr7_runnew\x64\debug\bhr7p1_run_team_v3.0\lib\dcc_lib\base\dcc_mat.obj
d:\bit_zyx_byq\program_important\crep_bhr7_runnew\x64\debug\bhr7p1_run_team_v3.0\lib\dcc_lib\base\dcc_get_key.obj
d:\bit_zyx_byq\program_important\crep_bhr7_runnew\x64\debug\bhr7p1_run_team_v3.0\lib\dcc_lib\base\dcc_fuzzycon.obj
d:\bit_zyx_byq\program_important\crep_bhr7_runnew\x64\debug\bhr7p1_run_team_v3.0\lib\dcc_lib\base\dcc_con_base.obj
d:\bit_zyx_byq\program_important\crep_bhr7_runnew\x64\debug\bhr7p1_run_team_v3.0\lib\dcc_lib\ctlr\dcc_runningcon.obj
d:\bit_zyx_byq\program_important\crep_bhr7_runnew\x64\debug\bhr7p1_run_team_v3.0\lib\dcc_lib\ctlr\dcc_conframe.obj
d:\bit_zyx_byq\program_important\crep_bhr7_runnew\x64\debug\bhr7p1_run_team_v3.0\lib\dcc_lib\dcc_protection.obj
d:\bit_zyx_byq\program_important\crep_bhr7_runnew\x64\debug\bhr7p1_run_team_v3.0\lib\dcc_lib\pg\dcc_pgframe.obj
d:\bit_zyx_byq\program_important\crep_bhr7_runnew\x64\debug\bhr7p1_run_team_v3.0\lib\dcc_lib\pg\dcc_freewalk.obj
d:\bit_zyx_byq\program_important\crep_bhr7_runnew\x64\debug\bhr7p1_run_team_v3.0\lib\dcc_lib\pg\mpc_unconstrained_coder_forpg\pgmpc.obj
d:\bit_zyx_byq\program_important\crep_bhr7_runnew\x64\debug\bhr7p1_run_team_v3.0\lib\lee_control_lib\leesrmotion.obj
d:\bit_zyx_byq\program_important\crep_bhr7_runnew\x64\debug\bhr7p1_run_team_v3.0\lib\lee_control_lib\leerobottool.obj
d:\bit_zyx_byq\program_important\crep_bhr7_runnew\x64\debug\bhr7p1_run_team_v3.0\lib\lee_control_lib\leerobotplan.obj
d:\bit_zyx_byq\program_important\crep_bhr7_runnew\x64\debug\bhr7p1_run_team_v3.0\lib\lee_control_lib\leeonlinedcmwalking.obj
d:\bit_zyx_byq\program_important\crep_bhr7_runnew\x64\debug\bhr7p1_run_team_v3.0\lib\lee_control_lib\leematrix.obj
d:\bit_zyx_byq\program_important\crep_bhr7_runnew\x64\debug\bhr7p1_run_team_v3.0\lib\lee_control_lib\dcmwalkingupdate.obj
d:\bit_zyx_byq\program_important\crep_bhr7_runnew\x64\debug\cremotelib\remote_api.obj
d:\bit_zyx_byq\program_important\crep_bhr7_runnew\x64\debug\crep_dataexchange.obj
d:\bit_zyx_byq\program_important\crep_bhr7_runnew\x64\debug\crep_dataexchange.obj.enc
d:\bit_zyx_byq\program_important\crep_bhr7_runnew\x64\debug\vc141.idb
d:\bit_zyx_byq\program_important\crep_bhr7_runnew\x64\debug\crep_forbhr6.pdb
d:\bit_zyx_byq\program_important\crep_bhr7_runnew\x64\debug\vc141.pdb
d:\bit_zyx_byq\program_important\crep_bhr7_runnew\x64\debug\crep_forbhr6.tlog\cl.command.1.tlog
d:\bit_zyx_byq\program_important\crep_bhr7_runnew\x64\debug\crep_forbhr6.tlog\cl.read.1.tlog
d:\bit_zyx_byq\program_important\crep_bhr7_runnew\x64\debug\crep_forbhr6.tlog\cl.write.1.tlog
d:\bit_zyx_byq\program_important\crep_bhr7_runnew\x64\debug\crep_forbhr6.tlog\link.15512-cvtres.read.1.tlog
d:\bit_zyx_byq\program_important\crep_bhr7_runnew\x64\debug\crep_forbhr6.tlog\link.15512-cvtres.write.1.tlog
d:\bit_zyx_byq\program_important\crep_bhr7_runnew\x64\debug\crep_forbhr6.tlog\link.15512-rc.read.1.tlog
d:\bit_zyx_byq\program_important\crep_bhr7_runnew\x64\debug\crep_forbhr6.tlog\link.15512-rc.write.1.tlog
d:\bit_zyx_byq\program_important\crep_bhr7_runnew\x64\debug\crep_forbhr6.tlog\link.15512.read.1.tlog
d:\bit_zyx_byq\program_important\crep_bhr7_runnew\x64\debug\crep_forbhr6.tlog\link.15512.write.1.tlog
d:\bit_zyx_byq\program_important\crep_bhr7_runnew\x64\debug\crep_forbhr6.tlog\link.command.1.tlog
d:\bit_zyx_byq\program_important\crep_bhr7_runnew\x64\debug\crep_forbhr6.tlog\link.read.1.tlog
d:\bit_zyx_byq\program_important\crep_bhr7_runnew\x64\debug\crep_forbhr6.tlog\link.write.1.tlog
